#
# There is insufficient memory for the Java Runtime Environment to continue.
# Native memory allocation (malloc) failed to allocate 32744 bytes for ChunkPool::allocate
# Possible reasons:
#   The system is out of physical RAM or swap space
#   The process is running with CompressedOops enabled, and the Java Heap may be blocking the growth of the native heap
# Possible solutions:
#   Reduce memory load on the system
#   Increase physical memory or swap space
#   Check if swap backing store is full
#   Decrease Java heap size (-Xmx/-Xms)
#   Decrease number of Java threads
#   Set larger code cache with -XX:ReservedCodeCacheSize=
#   JVM is running with Unscaled Compressed Oops mode in which the Java heap is
#     placed in the first 4GB address space. The Java Heap base address is the
#     maximum limit for the native heap growth. Please use -XX:HeapBaseMinAddress
#     to set the Java Heap base and to place the Java Heap above 4GB virtual address.
# This output file may be truncated or incomplete.
#
#  Out of Memory Error (allocation.cpp:272), pid=18516, tid=0x0000000000003930
#
# JRE version: OpenJDK Runtime Environment (8.0_242-b01) (build 1.8.0_242-release-1644-b01)
# Java VM: OpenJDK 64-Bit Server VM (25.242-b01 mixed mode windows-amd64 compressed oops)
# Failed to write core dump. Minidumps are not enabled by default on client versions of Windows
#

---------------  T H R E A D  ---------------

Current thread (0x0000000016a2b000):  JavaThread "C2 CompilerThread1" daemon [_thread_in_native, id=14640, stack(0x0000000018180000,0x0000000018280000)]

Stack: [0x0000000018180000,0x0000000018280000]
[error occurred during error reporting (printing stack bounds), id 0xc0000005]

Native frames: (J=compiled Java code, j=interpreted, Vv=VM code, C=native code)


Current CompileTask:
C2:  90504 8589       4       org.gradle.internal.io.StreamByteBuffer::allocateSpace (73 bytes)


---------------  P R O C E S S  ---------------

Java Threads: ( => current thread )
  0x0000000019bed000 JavaThread "Cache worker for execution history cache (C:\Users\Thaisa\Desktop\Pessoal\Plantinhas\plantinhas\android\.gradle\6.7\executionHistory)" [_thread_blocked, id=7584, stack(0x000000002c200000,0x000000002c300000)]
  0x0000000019bec800 JavaThread "Execution worker for ':' Thread 3" [_thread_blocked, id=11216, stack(0x000000002bfd0000,0x000000002c0d0000)]
  0x0000000019beb800 JavaThread "Execution worker for ':' Thread 2" [_thread_blocked, id=19432, stack(0x000000002bab0000,0x000000002bbb0000)]
  0x0000000019bea000 JavaThread "Execution worker for ':'" [_thread_blocked, id=18540, stack(0x000000002b9b0000,0x000000002bab0000)]
  0x0000000019be9800 JavaThread "jar transforms Thread 224" [_thread_blocked, id=15388, stack(0x000000002b8b0000,0x000000002b9b0000)]
  0x0000000019beb000 JavaThread "jar transforms Thread 223" [_thread_blocked, id=13616, stack(0x000000002b7b0000,0x000000002b8b0000)]
  0x0000000019be5000 JavaThread "jar transforms Thread 222" [_thread_blocked, id=6236, stack(0x0000000028b40000,0x0000000028c40000)]
  0x000000001fa77000 JavaThread "jar transforms Thread 221" [_thread_blocked, id=18636, stack(0x0000000028a40000,0x0000000028b40000)]
  0x000000001fa76800 JavaThread "jar transforms Thread 220" [_thread_blocked, id=5804, stack(0x0000000028840000,0x0000000028940000)]
  0x000000001fa75800 JavaThread "jar transforms Thread 219" [_thread_blocked, id=16468, stack(0x0000000028740000,0x0000000028840000)]
  0x000000001fa6f800 JavaThread "jar transforms Thread 218" [_thread_blocked, id=19416, stack(0x0000000028640000,0x0000000028740000)]
  0x000000001fa75000 JavaThread "jar transforms Thread 217" [_thread_blocked, id=5232, stack(0x0000000028540000,0x0000000028640000)]
  0x000000001fa72800 JavaThread "jar transforms Thread 216" [_thread_blocked, id=17092, stack(0x0000000028440000,0x0000000028540000)]
  0x000000001fa71000 JavaThread "jar transforms Thread 215" [_thread_blocked, id=8104, stack(0x0000000028340000,0x0000000028440000)]
  0x000000001fa70800 JavaThread "jar transforms Thread 214" [_thread_blocked, id=268, stack(0x0000000028240000,0x0000000028340000)]
  0x000000001fa72000 JavaThread "jar transforms Thread 213" [_thread_blocked, id=8240, stack(0x0000000028140000,0x0000000028240000)]
  0x000000001fa73800 JavaThread "jar transforms Thread 212" [_thread_blocked, id=7096, stack(0x0000000028040000,0x0000000028140000)]
  0x000000001fa74000 JavaThread "jar transforms Thread 211" [_thread_blocked, id=7108, stack(0x0000000027f40000,0x0000000028040000)]
  0x000000001fa68000 JavaThread "jar transforms Thread 210" [_thread_blocked, id=12940, stack(0x0000000027e40000,0x0000000027f40000)]
  0x000000001fa69800 JavaThread "jar transforms Thread 209" [_thread_blocked, id=208, stack(0x0000000027d40000,0x0000000027e40000)]
  0x000000001fa6c000 JavaThread "jar transforms Thread 208" [_thread_blocked, id=12324, stack(0x0000000027c40000,0x0000000027d40000)]
  0x000000001fa69000 JavaThread "jar transforms Thread 207" [_thread_blocked, id=14072, stack(0x0000000027b40000,0x0000000027c40000)]
  0x000000001fa6f000 JavaThread "jar transforms Thread 206" [_thread_blocked, id=6740, stack(0x0000000027a40000,0x0000000027b40000)]
  0x000000001fa6b000 JavaThread "jar transforms Thread 205" [_thread_blocked, id=10772, stack(0x0000000027940000,0x0000000027a40000)]
  0x000000001fa6e000 JavaThread "jar transforms Thread 204" [_thread_blocked, id=11192, stack(0x0000000027840000,0x0000000027940000)]
  0x000000001fa6a800 JavaThread "jar transforms Thread 203" [_thread_blocked, id=10948, stack(0x0000000027740000,0x0000000027840000)]
  0x000000001fa6d800 JavaThread "jar transforms Thread 202" [_thread_blocked, id=11036, stack(0x0000000027640000,0x0000000027740000)]
  0x000000001fa6c800 JavaThread "jar transforms Thread 201" [_thread_blocked, id=8892, stack(0x0000000027540000,0x0000000027640000)]
  0x0000000018f9a000 JavaThread "jar transforms Thread 200" [_thread_blocked, id=3520, stack(0x0000000027440000,0x0000000027540000)]
  0x0000000018f99800 JavaThread "jar transforms Thread 199" [_thread_blocked, id=5156, stack(0x0000000027340000,0x0000000027440000)]
  0x0000000018f98800 JavaThread "jar transforms Thread 198" [_thread_blocked, id=16948, stack(0x0000000027240000,0x0000000027340000)]
  0x0000000018f98000 JavaThread "jar transforms Thread 197" [_thread_blocked, id=10264, stack(0x0000000027140000,0x0000000027240000)]
  0x0000000018f9b000 JavaThread "jar transforms Thread 196" [_thread_blocked, id=15776, stack(0x0000000027040000,0x0000000027140000)]
  0x0000000018f97000 JavaThread "jar transforms Thread 195" [_thread_blocked, id=17836, stack(0x0000000026f40000,0x0000000027040000)]
  0x0000000018f96800 JavaThread "jar transforms Thread 194" [_thread_blocked, id=15376, stack(0x0000000026e40000,0x0000000026f40000)]
  0x0000000018f8e800 JavaThread "jar transforms Thread 193" [_thread_blocked, id=17744, stack(0x0000000026d40000,0x0000000026e40000)]
  0x0000000018f95800 JavaThread "jar transforms Thread 192" [_thread_blocked, id=15724, stack(0x0000000026c40000,0x0000000026d40000)]
  0x0000000018f8e000 JavaThread "jar transforms Thread 191" [_thread_blocked, id=9972, stack(0x0000000026b40000,0x0000000026c40000)]
  0x0000000018f94800 JavaThread "jar transforms Thread 190" [_thread_blocked, id=260, stack(0x0000000026a40000,0x0000000026b40000)]
  0x0000000018f8d000 JavaThread "jar transforms Thread 189" [_thread_blocked, id=3992, stack(0x0000000026940000,0x0000000026a40000)]
  0x0000000018f94000 JavaThread "jar transforms Thread 188" [_thread_blocked, id=11780, stack(0x0000000026840000,0x0000000026940000)]
  0x0000000018f93000 JavaThread "jar transforms Thread 187" [_thread_blocked, id=8304, stack(0x0000000026740000,0x0000000026840000)]
  0x0000000018f8c800 JavaThread "jar transforms Thread 186" [_thread_blocked, id=4080, stack(0x0000000026640000,0x0000000026740000)]
  0x0000000018f8b800 JavaThread "jar transforms Thread 185" [_thread_blocked, id=2956, stack(0x0000000026540000,0x0000000026640000)]
  0x0000000018f8f800 JavaThread "jar transforms Thread 184" [_thread_blocked, id=15840, stack(0x0000000026440000,0x0000000026540000)]
  0x0000000018f90000 JavaThread "jar transforms Thread 183" [_thread_blocked, id=19020, stack(0x0000000026340000,0x0000000026440000)]
  0x0000000018f91800 JavaThread "jar transforms Thread 182" [_thread_blocked, id=19256, stack(0x0000000026240000,0x0000000026340000)]
  0x0000000018f92800 JavaThread "jar transforms Thread 181" [_thread_blocked, id=15032, stack(0x0000000026140000,0x0000000026240000)]
  0x0000000018f91000 JavaThread "jar transforms Thread 180" [_thread_blocked, id=10408, stack(0x0000000026040000,0x0000000026140000)]
  0x000000001a94b000 JavaThread "jar transforms Thread 179" [_thread_blocked, id=11708, stack(0x0000000025f40000,0x0000000026040000)]
  0x000000001a949800 JavaThread "jar transforms Thread 178" [_thread_blocked, id=17624, stack(0x0000000025e40000,0x0000000025f40000)]
  0x000000001a94d800 JavaThread "jar transforms Thread 177" [_thread_blocked, id=7012, stack(0x0000000025d40000,0x0000000025e40000)]
  0x000000001a94c800 JavaThread "jar transforms Thread 176" [_thread_blocked, id=8780, stack(0x0000000025c40000,0x0000000025d40000)]
  0x000000001a949000 JavaThread "jar transforms Thread 175" [_thread_blocked, id=13444, stack(0x0000000025b40000,0x0000000025c40000)]
  0x000000001a94a800 JavaThread "jar transforms Thread 174" [_thread_blocked, id=18976, stack(0x0000000025a40000,0x0000000025b40000)]
  0x000000001a948000 JavaThread "jar transforms Thread 173" [_thread_blocked, id=18020, stack(0x0000000025940000,0x0000000025a40000)]
  0x000000001a947800 JavaThread "jar transforms Thread 172" [_thread_blocked, id=3952, stack(0x0000000025840000,0x0000000025940000)]
  0x000000001a94c000 JavaThread "jar transforms Thread 171" [_thread_blocked, id=6932, stack(0x0000000025740000,0x0000000025840000)]
  0x000000001a940000 JavaThread "jar transforms Thread 170" [_thread_blocked, id=11684, stack(0x0000000025640000,0x0000000025740000)]
  0x000000001a946800 JavaThread "jar transforms Thread 169" [_thread_blocked, id=11372, stack(0x0000000025540000,0x0000000025640000)]
  0x000000001a93f000 JavaThread "jar transforms Thread 168" [_thread_blocked, id=18920, stack(0x0000000025440000,0x0000000025540000)]
  0x000000001a946000 JavaThread "jar transforms Thread 167" [_thread_blocked, id=11624, stack(0x0000000025340000,0x0000000025440000)]
  0x000000001a93e800 JavaThread "jar transforms Thread 166" [_thread_blocked, id=6016, stack(0x0000000025240000,0x0000000025340000)]
  0x000000001a943000 JavaThread "jar transforms Thread 165" [_thread_blocked, id=12976, stack(0x0000000025140000,0x0000000025240000)]
  0x000000001a945000 JavaThread "jar transforms Thread 164" [_thread_blocked, id=8196, stack(0x0000000025040000,0x0000000025140000)]
  0x000000001a944800 JavaThread "jar transforms Thread 163" [_thread_blocked, id=9516, stack(0x0000000024f40000,0x0000000025040000)]
  0x000000001a941800 JavaThread "jar transforms Thread 162" [_thread_blocked, id=10184, stack(0x0000000024e40000,0x0000000024f40000)]
  0x000000001a942000 JavaThread "jar transforms Thread 161" [_thread_blocked, id=19340, stack(0x0000000024d40000,0x0000000024e40000)]
  0x000000001a940800 JavaThread "jar transforms Thread 160" [_thread_blocked, id=11116, stack(0x0000000024c40000,0x0000000024d40000)]
  0x000000001a943800 JavaThread "jar transforms Thread 159" [_thread_blocked, id=4284, stack(0x0000000024b40000,0x0000000024c40000)]
  0x000000001ab5f800 JavaThread "jar transforms Thread 158" [_thread_blocked, id=2652, stack(0x0000000024a40000,0x0000000024b40000)]
  0x000000001ab60000 JavaThread "jar transforms Thread 157" [_thread_blocked, id=19336, stack(0x0000000024940000,0x0000000024a40000)]
  0x000000001ab64000 JavaThread "jar transforms Thread 156" [_thread_blocked, id=18828, stack(0x0000000024840000,0x0000000024940000)]
  0x000000001ab61800 JavaThread "jar transforms Thread 155" [_thread_blocked, id=7884, stack(0x0000000024740000,0x0000000024840000)]
  0x000000001ab5e800 JavaThread "jar transforms Thread 154" [_thread_blocked, id=4700, stack(0x0000000024640000,0x0000000024740000)]
  0x000000002a732000 JavaThread "jar transforms Thread 153" [_thread_blocked, id=10328, stack(0x0000000024540000,0x0000000024640000)]
  0x000000002a731800 JavaThread "jar transforms Thread 152" [_thread_blocked, id=12692, stack(0x0000000024440000,0x0000000024540000)]
  0x000000002a733000 JavaThread "jar transforms Thread 151" [_thread_blocked, id=16724, stack(0x0000000024340000,0x0000000024440000)]
  0x000000002a737800 JavaThread "jar transforms Thread 150" [_thread_blocked, id=13620, stack(0x0000000024240000,0x0000000024340000)]
  0x000000002a736800 JavaThread "jar transforms Thread 149" [_thread_blocked, id=10172, stack(0x0000000024140000,0x0000000024240000)]
  0x000000002a736000 JavaThread "jar transforms Thread 148" [_thread_blocked, id=7004, stack(0x0000000024040000,0x0000000024140000)]
  0x000000002a730800 JavaThread "jar transforms Thread 147" [_thread_blocked, id=5604, stack(0x0000000023f40000,0x0000000024040000)]
  0x000000002a733800 JavaThread "jar transforms Thread 146" [_thread_blocked, id=4420, stack(0x0000000023e40000,0x0000000023f40000)]
  0x000000002a734800 JavaThread "jar transforms Thread 145" [_thread_blocked, id=12460, stack(0x0000000023d40000,0x0000000023e40000)]
  0x0000000019085000 JavaThread "jar transforms Thread 144" [_thread_blocked, id=18372, stack(0x0000000023c40000,0x0000000023d40000)]
  0x0000000019084800 JavaThread "jar transforms Thread 143" [_thread_blocked, id=12256, stack(0x0000000023b40000,0x0000000023c40000)]
  0x000000001908a800 JavaThread "jar transforms Thread 142" [_thread_blocked, id=17292, stack(0x0000000023a40000,0x0000000023b40000)]
  0x0000000019089800 JavaThread "jar transforms Thread 141" [_thread_blocked, id=9304, stack(0x0000000023940000,0x0000000023a40000)]
  0x0000000019086800 JavaThread "jar transforms Thread 140" [_thread_blocked, id=15208, stack(0x0000000023840000,0x0000000023940000)]
  0x0000000019089000 JavaThread "jar transforms Thread 139" [_thread_blocked, id=12456, stack(0x0000000023740000,0x0000000023840000)]
  0x0000000019088000 JavaThread "jar transforms Thread 138" [_thread_blocked, id=16160, stack(0x0000000023640000,0x0000000023740000)]
  0x0000000019087800 JavaThread "jar transforms Thread 137" [_thread_blocked, id=8784, stack(0x0000000023540000,0x0000000023640000)]
  0x0000000019086000 JavaThread "jar transforms Thread 136" [_thread_blocked, id=13988, stack(0x0000000023440000,0x0000000023540000)]
  0x000000001907d000 JavaThread "jar transforms Thread 135" [_thread_blocked, id=16640, stack(0x0000000023340000,0x0000000023440000)]
  0x0000000019083800 JavaThread "jar transforms Thread 134" [_thread_blocked, id=18072, stack(0x0000000023240000,0x0000000023340000)]
  0x000000001907c000 JavaThread "jar transforms Thread 133" [_thread_blocked, id=1532, stack(0x0000000023140000,0x0000000023240000)]
  0x0000000019083000 JavaThread "jar transforms Thread 132" [_thread_blocked, id=6548, stack(0x0000000023040000,0x0000000023140000)]
  0x0000000019082000 JavaThread "jar transforms Thread 131" [_thread_blocked, id=7928, stack(0x0000000022f40000,0x0000000023040000)]
  0x0000000019081800 JavaThread "jar transforms Thread 130" [_thread_blocked, id=11108, stack(0x0000000022e40000,0x0000000022f40000)]
  0x000000001907e800 JavaThread "jar transforms Thread 129" [_thread_blocked, id=9256, stack(0x0000000022d40000,0x0000000022e40000)]
  0x0000000019080000 JavaThread "jar transforms Thread 128" [_thread_blocked, id=18980, stack(0x0000000022c40000,0x0000000022d40000)]
  0x000000001b0af800 JavaThread "jar transforms Thread 127" [_thread_blocked, id=6700, stack(0x0000000022b40000,0x0000000022c40000)]
  0x000000001b0af000 JavaThread "jar transforms Thread 126" [_thread_blocked, id=3556, stack(0x0000000022a40000,0x0000000022b40000)]
  0x000000001b0b2000 JavaThread "jar transforms Thread 125" [_thread_blocked, id=2392, stack(0x0000000022940000,0x0000000022a40000)]
  0x000000001b0ad800 JavaThread "jar transforms Thread 124" [_thread_blocked, id=16788, stack(0x0000000022840000,0x0000000022940000)]
  0x000000001b0b1000 JavaThread "jar transforms Thread 123" [_thread_blocked, id=8652, stack(0x0000000022740000,0x0000000022840000)]
  0x000000001b0b0800 JavaThread "jar transforms Thread 122" [_thread_blocked, id=8676, stack(0x0000000022640000,0x0000000022740000)]
  0x000000001b0a9800 JavaThread "jar transforms Thread 121" [_thread_blocked, id=13208, stack(0x0000000022540000,0x0000000022640000)]
  0x000000001b0ac800 JavaThread "jar transforms Thread 120" [_thread_blocked, id=12012, stack(0x0000000022440000,0x0000000022540000)]
  0x000000001b0ac000 JavaThread "jar transforms Thread 119" [_thread_blocked, id=14784, stack(0x0000000022340000,0x0000000022440000)]
  0x000000001b0ab000 JavaThread "jar transforms Thread 118" [_thread_blocked, id=6312, stack(0x0000000022240000,0x0000000022340000)]
  0x000000001b0a4800 JavaThread "jar transforms Thread 117" [_thread_blocked, id=17540, stack(0x0000000022140000,0x0000000022240000)]
  0x000000001b0a9000 JavaThread "jar transforms Thread 116" [_thread_blocked, id=11256, stack(0x0000000022040000,0x0000000022140000)]
  0x000000001b0a5000 JavaThread "jar transforms Thread 115" [_thread_blocked, id=11744, stack(0x0000000021f40000,0x0000000022040000)]
  0x000000001b0aa800 JavaThread "jar transforms Thread 114" [_thread_blocked, id=18608, stack(0x0000000021e40000,0x0000000021f40000)]
  0x000000001b0a8000 JavaThread "jar transforms Thread 113" [_thread_blocked, id=13048, stack(0x0000000021d40000,0x0000000021e40000)]
  0x000000001b0a7800 JavaThread "Build operations Thread 4" [_thread_blocked, id=5792, stack(0x0000000021c40000,0x0000000021d40000)]
  0x000000001b0a6000 JavaThread "Build operations Thread 3" [_thread_blocked, id=2732, stack(0x0000000021b40000,0x0000000021c40000)]
  0x000000001b0a3800 JavaThread "Build operations Thread 2" [_thread_blocked, id=8484, stack(0x0000000021a40000,0x0000000021b40000)]
  0x000000001b0a6800 JavaThread "Build operations" [_thread_blocked, id=17704, stack(0x0000000021540000,0x0000000021640000)]
  0x000000002a735000 JavaThread "Cache worker for Build Output Cleanup Cache (C:\Users\Thaisa\Desktop\Pessoal\Plantinhas\plantinhas\android\.gradle\buildOutputCleanup)" [_thread_blocked, id=6916, stack(0x0000000020d40000,0x0000000020e40000)]
  0x000000002a729000 JavaThread "Cache worker for cache directory md-rule (C:\Users\Thaisa\.gradle\caches\6.7\md-rule)" [_thread_blocked, id=18948, stack(0x0000000020540000,0x0000000020640000)]
  0x000000002a730000 JavaThread "Cache worker for cache directory md-supplier (C:\Users\Thaisa\.gradle\caches\6.7\md-supplier)" [_thread_blocked, id=2244, stack(0x000000001f3a0000,0x000000001f4a0000)]
  0x000000002a72c000 JavaThread "Cache worker for checksums cache (C:\Users\Thaisa\Desktop\Pessoal\Plantinhas\plantinhas\android\.gradle\checksums)" [_thread_blocked, id=10252, stack(0x000000001f0a0000,0x000000001f1a0000)]
  0x000000002a72e800 JavaThread "Cache worker for file hash cache (C:\Users\Thaisa\Desktop\Pessoal\Plantinhas\plantinhas\android\.gradle\6.7\fileHashes)" [_thread_blocked, id=17716, stack(0x000000001efa0000,0x000000001f0a0000)]
  0x000000002a72a000 JavaThread "Thread-147" [_thread_blocked, id=19056, stack(0x000000001c2c0000,0x000000001c3c0000)]
  0x000000002a728800 JavaThread "Stdin handler" [_thread_blocked, id=12748, stack(0x000000001c0c0000,0x000000001c1c0000)]
  0x000000002a72f000 JavaThread "Asynchronous log dispatcher for DefaultDaemonConnection: socket connection from /127.0.0.1:65179 to /127.0.0.1:65374" [_thread_blocked, id=19220, stack(0x000000001bfc0000,0x000000001c0c0000)]
  0x000000002a72d800 JavaThread "Cancel handler" [_thread_blocked, id=13060, stack(0x0000000002e20000,0x0000000002f20000)]
  0x000000002a72b800 JavaThread "Handler for socket connection from /127.0.0.1:65179 to /127.0.0.1:65374" [_thread_in_native, id=19388, stack(0x0000000001330000,0x0000000001430000)]
  0x000000002a72a800 JavaThread "Exec process Thread 3" [_thread_in_native, id=10872, stack(0x000000002c100000,0x000000002c200000)]
  0x000000002a72d000 JavaThread "Exec process Thread 2" [_thread_in_native, id=9344, stack(0x000000002bdb0000,0x000000002beb0000)]
  0x000000001b0b2800 JavaThread "Exec process" [_thread_in_native, id=18724, stack(0x000000002bed0000,0x000000002bfd0000)]
  0x000000001b0ae000 JavaThread "Memory manager" [_thread_blocked, id=15592, stack(0x0000000029440000,0x0000000029540000)]
  0x000000001ab62800 JavaThread "Cache worker for file content cache (C:\Users\Thaisa\.gradle\caches\6.7\fileContent)" [_thread_blocked, id=9444, stack(0x0000000020e40000,0x0000000020f40000)]
  0x000000001ab64800 JavaThread "Cache worker for execution history cache (C:\Users\Thaisa\.gradle\caches\6.7\executionHistory)" [_thread_blocked, id=14920, stack(0x0000000020640000,0x0000000020740000)]
  0x000000001ab63000 JavaThread "Cache worker for journal cache (C:\Users\Thaisa\.gradle\caches\journal-1)" [_thread_blocked, id=14192, stack(0x000000001d990000,0x000000001da90000)]
  0x000000001ab5e000 JavaThread "File lock request listener" [_thread_in_native, id=14524, stack(0x000000001d890000,0x000000001d990000)]
  0x000000001b11e000 JavaThread "Cache worker for file hash cache (C:\Users\Thaisa\.gradle\caches\6.7\fileHashes)" [_thread_blocked, id=16332, stack(0x000000001d790000,0x000000001d890000)]
  0x0000000018a32800 JavaThread "Daemon worker" [_thread_blocked, id=17452, stack(0x000000001c1c0000,0x000000001c2c0000)]
  0x000000001a5eb800 JavaThread "Daemon" [_thread_blocked, id=16276, stack(0x000000001bec0000,0x000000001bfc0000)]
  0x000000001a59c800 JavaThread "Daemon periodic checks" [_thread_blocked, id=12044, stack(0x000000001bbc0000,0x000000001bcc0000)]
  0x000000001a59b000 JavaThread "Incoming local TCP Connector on port 65179" [_thread_in_native, id=12728, stack(0x000000001b960000,0x000000001ba60000)]
  0x000000001873d000 JavaThread "Daemon health stats" [_thread_blocked, id=16040, stack(0x000000001b320000,0x000000001b420000)]
  0x0000000018387000 JavaThread "Service Thread" daemon [_thread_blocked, id=19156, stack(0x0000000018780000,0x0000000018880000)]
  0x0000000016a7c000 JavaThread "C1 CompilerThread2" daemon [_thread_blocked, id=6720, stack(0x0000000018280000,0x0000000018380000)]
=>0x0000000016a2b000 JavaThread "C2 CompilerThread1" daemon [_thread_in_native, id=14640, stack(0x0000000018180000,0x0000000018280000)]
  0x0000000016a27000 JavaThread "C2 CompilerThread0" daemon [_thread_blocked, id=7592, stack(0x0000000018080000,0x0000000018180000)]
  0x0000000016a26000 JavaThread "Attach Listener" daemon [_thread_blocked, id=13000, stack(0x0000000017f80000,0x0000000018080000)]
  0x0000000016a24800 JavaThread "Signal Dispatcher" daemon [_thread_blocked, id=11552, stack(0x0000000017e80000,0x0000000017f80000)]
  0x00000000030ad800 JavaThread "Finalizer" daemon [_thread_blocked, id=10688, stack(0x0000000017c70000,0x0000000017d70000)]
  0x0000000016a09000 JavaThread "Reference Handler" daemon [_thread_blocked, id=1528, stack(0x0000000017b70000,0x0000000017c70000)]
  0x0000000002fae800 JavaThread "main" [_thread_blocked, id=18564, stack(0x0000000002cf0000,0x0000000002df0000)]

Other Threads:
  0x00000000169e7000 VMThread [stack: 0x0000000017a70000,0x0000000017b70000] [id=10744]
  0x0000000018388800 WatcherThread [stack: 0x0000000018880000,0x0000000018980000] [id=14908]

VM state:not at safepoint (normal execution)

VM Mutex/Monitor currently owned by a thread: None

heap address: 0x00000000a0000000, size: 1536 MB, Compressed Oops mode: 32-bit
Narrow klass base: 0x0000000000000000, Narrow klass shift: 3
Compressed class space size: 1073741824 Address: 0x0000000100000000

Heap:
 PSYoungGen      total 342528K, used 120407K [0x00000000e0000000, 0x00000000f7500000, 0x0000000100000000)
  eden space 318976K, 30% used [0x00000000e0000000,0x00000000e5e96ba0,0x00000000f3780000)
  from space 23552K, 99% used [0x00000000f5e00000,0x00000000f74ff1d0,0x00000000f7500000)
  to   space 27136K, 0% used [0x00000000f4000000,0x00000000f4000000,0x00000000f5a80000)
 ParOldGen       total 135168K, used 34120K [0x00000000a0000000, 0x00000000a8400000, 0x00000000e0000000)
  object space 135168K, 25% used [0x00000000a0000000,0x00000000a21523b0,0x00000000a8400000)
 Metaspace       used 73327K, capacity 76828K, committed 77056K, reserved 1116160K
  class space    used 9768K, capacity 10493K, committed 10496K, reserved 1048576K

Card table byte_map: [0x0000000012470000,0x0000000012780000] byte_map_base: 0x0000000011f70000

Marking Bits: (ParMarkBitMap*) 0x000000007635f030
 Begin Bits: [0x0000000012d80000, 0x0000000014580000)
 End Bits:   [0x0000000014580000, 0x0000000015d80000)

Polling page: 0x0000000001450000

CodeCache: size=245760Kb used=24471Kb max_used=24481Kb free=221288Kb
 bounds [0x00000000030b0000, 0x00000000048b0000, 0x00000000120b0000]
 total_blobs=8381 nmethods=7575 adapters=717
 compilation: enabled

Compilation events (10 events):
Event: 90.496 Thread 0x0000000016a7c000 nmethod 8584 0x00000000048a3010 code [0x00000000048a3180, 0x00000000048a3428]
Event: 90.496 Thread 0x0000000016a7c000 8585       3       org.gradle.internal.io.StreamByteBuffer$StreamByteBufferChunk::write (32 bytes)
Event: 90.496 Thread 0x0000000016a7c000 nmethod 8585 0x00000000048a2bd0 code [0x00000000048a2d40, 0x00000000048a2f10]
Event: 90.496 Thread 0x0000000016a7c000 8586       3       org.gradle.internal.logging.console.StyledTextOutputBackedRenderer$OutputEventTextOutputImpl::doEndLine (17 bytes)
Event: 90.496 Thread 0x0000000016a7c000 nmethod 8586 0x00000000048a2750 code [0x00000000048a28c0, 0x00000000048a2ae8]
Event: 90.496 Thread 0x0000000016a7c000 8587       3       sun.nio.cs.SingleByte$Decoder::decodeArrayLoop (154 bytes)
Event: 90.497 Thread 0x0000000016a2b000 8589       4       org.gradle.internal.io.StreamByteBuffer::allocateSpace (73 bytes)
Event: 90.498 Thread 0x0000000016a7c000 nmethod 8587 0x000000000489ef50 code [0x000000000489f300, 0x00000000048a1208]
Event: 90.498 Thread 0x0000000016a7c000 8588       3       org.gradle.internal.logging.events.CategorisedOutputEvent::getTimestamp (5 bytes)
Event: 90.499 Thread 0x0000000016a7c000 nmethod 8588 0x000000000489ec10 code [0x000000000489ed60, 0x000000000489eeb0]

GC Heap History (10 events):
Event: 19.483 GC heap before
{Heap before GC invocations=11 (full 2):
 PSYoungGen      total 210432K, used 195584K [0x00000000e0000000, 0x00000000ee680000, 0x0000000100000000)
  eden space 195584K, 100% used [0x00000000e0000000,0x00000000ebf00000,0x00000000ebf00000)
  from space 14848K, 0% used [0x00000000ecd00000,0x00000000ecd00000,0x00000000edb80000)
  to   space 14336K, 0% used [0x00000000ebf00000,0x00000000ebf00000,0x00000000ecd00000)
 ParOldGen       total 95232K, used 15061K [0x00000000a0000000, 0x00000000a5d00000, 0x00000000e0000000)
  object space 95232K, 15% used [0x00000000a0000000,0x00000000a0eb5508,0x00000000a5d00000)
 Metaspace       used 42970K, capacity 44810K, committed 45184K, reserved 1087488K
  class space    used 5745K, capacity 6156K, committed 6272K, reserved 1048576K
Event: 19.499 GC heap after
Heap after GC invocations=11 (full 2):
 PSYoungGen      total 209920K, used 13929K [0x00000000e0000000, 0x00000000f1180000, 0x0000000100000000)
  eden space 195584K, 0% used [0x00000000e0000000,0x00000000e0000000,0x00000000ebf00000)
  from space 14336K, 97% used [0x00000000ebf00000,0x00000000ecc9a5f0,0x00000000ecd00000)
  to   space 15872K, 0% used [0x00000000f0200000,0x00000000f0200000,0x00000000f1180000)
 ParOldGen       total 95232K, used 15069K [0x00000000a0000000, 0x00000000a5d00000, 0x00000000e0000000)
  object space 95232K, 15% used [0x00000000a0000000,0x00000000a0eb7508,0x00000000a5d00000)
 Metaspace       used 42970K, capacity 44810K, committed 45184K, reserved 1087488K
  class space    used 5745K, capacity 6156K, committed 6272K, reserved 1048576K
}
Event: 22.982 GC heap before
{Heap before GC invocations=12 (full 2):
 PSYoungGen      total 209920K, used 209513K [0x00000000e0000000, 0x00000000f1180000, 0x0000000100000000)
  eden space 195584K, 100% used [0x00000000e0000000,0x00000000ebf00000,0x00000000ebf00000)
  from space 14336K, 97% used [0x00000000ebf00000,0x00000000ecc9a5f0,0x00000000ecd00000)
  to   space 15872K, 0% used [0x00000000f0200000,0x00000000f0200000,0x00000000f1180000)
 ParOldGen       total 95232K, used 15069K [0x00000000a0000000, 0x00000000a5d00000, 0x00000000e0000000)
  object space 95232K, 15% used [0x00000000a0000000,0x00000000a0eb7508,0x00000000a5d00000)
 Metaspace       used 55409K, capacity 57624K, committed 57728K, reserved 1099776K
  class space    used 7285K, capacity 7741K, committed 7808K, reserved 1048576K
Event: 23.015 GC heap after
Heap after GC invocations=12 (full 2):
 PSYoungGen      total 259072K, used 15871K [0x00000000e0000000, 0x00000000f1780000, 0x0000000100000000)
  eden space 243200K, 0% used [0x00000000e0000000,0x00000000e0000000,0x00000000eed80000)
  from space 15872K, 99% used [0x00000000f0200000,0x00000000f117fc20,0x00000000f1180000)
  to   space 20992K, 0% used [0x00000000eed80000,0x00000000eed80000,0x00000000f0200000)
 ParOldGen       total 95232K, used 23589K [0x00000000a0000000, 0x00000000a5d00000, 0x00000000e0000000)
  object space 95232K, 24% used [0x00000000a0000000,0x00000000a17095c0,0x00000000a5d00000)
 Metaspace       used 55409K, capacity 57624K, committed 57728K, reserved 1099776K
  class space    used 7285K, capacity 7741K, committed 7808K, reserved 1048576K
}
Event: 23.740 GC heap before
{Heap before GC invocations=13 (full 2):
 PSYoungGen      total 259072K, used 57754K [0x00000000e0000000, 0x00000000f1780000, 0x0000000100000000)
  eden space 243200K, 17% used [0x00000000e0000000,0x00000000e28e6e48,0x00000000eed80000)
  from space 15872K, 99% used [0x00000000f0200000,0x00000000f117fc20,0x00000000f1180000)
  to   space 20992K, 0% used [0x00000000eed80000,0x00000000eed80000,0x00000000f0200000)
 ParOldGen       total 95232K, used 23589K [0x00000000a0000000, 0x00000000a5d00000, 0x00000000e0000000)
  object space 95232K, 24% used [0x00000000a0000000,0x00000000a17095c0,0x00000000a5d00000)
 Metaspace       used 56575K, capacity 58982K, committed 59096K, reserved 1099776K
  class space    used 7452K, capacity 7997K, committed 8064K, reserved 1048576K
Event: 23.831 GC heap after
Heap after GC invocations=13 (full 2):
 PSYoungGen      total 264192K, used 19884K [0x00000000e0000000, 0x00000000f7500000, 0x0000000100000000)
  eden space 243200K, 0% used [0x00000000e0000000,0x00000000e0000000,0x00000000eed80000)
  from space 20992K, 94% used [0x00000000eed80000,0x00000000f00eb1c8,0x00000000f0200000)
  to   space 23552K, 0% used [0x00000000f5e00000,0x00000000f5e00000,0x00000000f7500000)
 ParOldGen       total 95232K, used 23597K [0x00000000a0000000, 0x00000000a5d00000, 0x00000000e0000000)
  object space 95232K, 24% used [0x00000000a0000000,0x00000000a170b5c0,0x00000000a5d00000)
 Metaspace       used 56575K, capacity 58982K, committed 59096K, reserved 1099776K
  class space    used 7452K, capacity 7997K, committed 8064K, reserved 1048576K
}
Event: 23.831 GC heap before
{Heap before GC invocations=14 (full 3):
 PSYoungGen      total 264192K, used 19884K [0x00000000e0000000, 0x00000000f7500000, 0x0000000100000000)
  eden space 243200K, 0% used [0x00000000e0000000,0x00000000e0000000,0x00000000eed80000)
  from space 20992K, 94% used [0x00000000eed80000,0x00000000f00eb1c8,0x00000000f0200000)
  to   space 23552K, 0% used [0x00000000f5e00000,0x00000000f5e00000,0x00000000f7500000)
 ParOldGen       total 95232K, used 23597K [0x00000000a0000000, 0x00000000a5d00000, 0x00000000e0000000)
  object space 95232K, 24% used [0x00000000a0000000,0x00000000a170b5c0,0x00000000a5d00000)
 Metaspace       used 56575K, capacity 58982K, committed 59096K, reserved 1099776K
  class space    used 7452K, capacity 7997K, committed 8064K, reserved 1048576K
Event: 24.245 GC heap after
Heap after GC invocations=14 (full 3):
 PSYoungGen      total 264192K, used 0K [0x00000000e0000000, 0x00000000f7500000, 0x0000000100000000)
  eden space 243200K, 0% used [0x00000000e0000000,0x00000000e0000000,0x00000000eed80000)
  from space 20992K, 0% used [0x00000000eed80000,0x00000000eed80000,0x00000000f0200000)
  to   space 23552K, 0% used [0x00000000f5e00000,0x00000000f5e00000,0x00000000f7500000)
 ParOldGen       total 135168K, used 34112K [0x00000000a0000000, 0x00000000a8400000, 0x00000000e0000000)
  object space 135168K, 25% used [0x00000000a0000000,0x00000000a21503b0,0x00000000a8400000)
 Metaspace       used 56528K, capacity 58838K, committed 59096K, reserved 1099776K
  class space    used 7440K, capacity 7953K, committed 8064K, reserved 1048576K
}
Event: 36.537 GC heap before
{Heap before GC invocations=15 (full 3):
 PSYoungGen      total 264192K, used 243200K [0x00000000e0000000, 0x00000000f7500000, 0x0000000100000000)
  eden space 243200K, 100% used [0x00000000e0000000,0x00000000eed80000,0x00000000eed80000)
  from space 20992K, 0% used [0x00000000eed80000,0x00000000eed80000,0x00000000f0200000)
  to   space 23552K, 0% used [0x00000000f5e00000,0x00000000f5e00000,0x00000000f7500000)
 ParOldGen       total 135168K, used 34112K [0x00000000a0000000, 0x00000000a8400000, 0x00000000e0000000)
  object space 135168K, 25% used [0x00000000a0000000,0x00000000a21503b0,0x00000000a8400000)
 Metaspace       used 70431K, capacity 73834K, committed 74112K, reserved 1114112K
  class space    used 9590K, capacity 10320K, committed 10368K, reserved 1048576K
Event: 36.566 GC heap after
Heap after GC invocations=15 (full 3):
 PSYoungGen      total 342528K, used 23548K [0x00000000e0000000, 0x00000000f7500000, 0x0000000100000000)
  eden space 318976K, 0% used [0x00000000e0000000,0x00000000e0000000,0x00000000f3780000)
  from space 23552K, 99% used [0x00000000f5e00000,0x00000000f74ff1d0,0x00000000f7500000)
  to   space 27136K, 0% used [0x00000000f4000000,0x00000000f4000000,0x00000000f5a80000)
 ParOldGen       total 135168K, used 34120K [0x00000000a0000000, 0x00000000a8400000, 0x00000000e0000000)
  object space 135168K, 25% used [0x00000000a0000000,0x00000000a21523b0,0x00000000a8400000)
 Metaspace       used 70431K, capacity 73834K, committed 74112K, reserved 1114112K
  class space    used 9590K, capacity 10320K, committed 10368K, reserved 1048576K
}

Deoptimization events (10 events):
Event: 81.768 Thread 0x000000002a72b800 Uncommon trap: reason=unstable_if action=reinterpret pc=0x0000000003b8d31c method=com.esotericsoftware.kryo.io.Input.readUtf8(I)V @ 79
Event: 81.862 Thread 0x0000000018a32800 Uncommon trap: reason=bimorphic action=maybe_recompile pc=0x00000000031c2b84 method=java.util.Objects.equals(Ljava/lang/Object;Ljava/lang/Object;)Z @ 11
Event: 81.863 Thread 0x0000000018a32800 Uncommon trap: reason=bimorphic action=maybe_recompile pc=0x00000000031c2b84 method=java.util.Objects.equals(Ljava/lang/Object;Ljava/lang/Object;)Z @ 11
Event: 81.873 Thread 0x0000000018a32800 Uncommon trap: reason=bimorphic action=maybe_recompile pc=0x00000000031c2b84 method=java.util.Objects.equals(Ljava/lang/Object;Ljava/lang/Object;)Z @ 11
Event: 81.873 Thread 0x0000000018a32800 Uncommon trap: reason=bimorphic action=maybe_recompile pc=0x00000000031c2b84 method=java.util.Objects.equals(Ljava/lang/Object;Ljava/lang/Object;)Z @ 11
Event: 83.963 Thread 0x0000000018a32800 Uncommon trap: reason=array_check action=maybe_recompile pc=0x000000000477f3c4 method=com.google.common.collect.ImmutableSet.construct(I[Ljava/lang/Object;)Lcom/google/common/collect/ImmutableSet; @ 122
Event: 83.971 Thread 0x0000000018a32800 Uncommon trap: reason=array_check action=maybe_recompile pc=0x000000000477f3c4 method=com.google.common.collect.ImmutableSet.construct(I[Ljava/lang/Object;)Lcom/google/common/collect/ImmutableSet; @ 122
Event: 83.973 Thread 0x0000000018a32800 Uncommon trap: reason=array_check action=maybe_recompile pc=0x000000000477f3c4 method=com.google.common.collect.ImmutableSet.construct(I[Ljava/lang/Object;)Lcom/google/common/collect/ImmutableSet; @ 122
Event: 83.988 Thread 0x0000000018a32800 Uncommon trap: reason=array_check action=maybe_recompile pc=0x000000000477f3c4 method=com.google.common.collect.ImmutableSet.construct(I[Ljava/lang/Object;)Lcom/google/common/collect/ImmutableSet; @ 122
Event: 84.591 Thread 0x0000000018a32800 Uncommon trap: reason=unstable_if action=reinterpret pc=0x0000000003a8a700 method=org.gradle.internal.snapshot.VfsRelativePath.lengthOfCommonPrefix(Ljava/lang/String;Lorg/gradle/internal/snapshot/CaseSensitivity;)I @ 107

Classes redefined (0 events):
No events

Internal exceptions (10 events):
Event: 28.501 Thread 0x000000001b0af800 Exception <a 'java/lang/ClassNotFoundException': org/gradle/internal/logging/compatbridge/LoggingManagerInternalCompatibilityBridgeBeanInfo> (0x00000000edbf5d68) thrown at [C:\src\AOSP-openjdk-git\hotspot\src\share\vm\classfile\systemDictionary.cpp, line 
Event: 28.507 Thread 0x000000001b0af800 Exception <a 'java/lang/ClassNotFoundException': org/gradle/internal/logging/compatbridge/LoggingManagerInternalCompatibilityBridgeCustomizer> (0x00000000edc4acd0) thrown at [C:\src\AOSP-openjdk-git\hotspot\src\share\vm\classfile\systemDictionary.cpp, lin
Event: 36.151 Thread 0x000000001b0af800 Exception <a 'java/lang/reflect/InvocationTargetException'> (0x00000000edccaa18) thrown at [C:\src\AOSP-openjdk-git\hotspot\src\share\vm\runtime\reflection.cpp, line 1092]
Event: 36.399 Thread 0x0000000018a32800 Implicit null exception at 0x0000000003963ece to 0x0000000003964155
Event: 36.576 Thread 0x000000001a5eb800 Exception <a 'java/lang/NoSuchMethodError': <clinit>> (0x00000000e0026f20) thrown at [C:\src\AOSP-openjdk-git\hotspot\src\share\vm\prims\jni.cpp, line 1615]
Event: 36.576 Thread 0x000000001a5eb800 Exception <a 'java/lang/NoSuchMethodError': <clinit>> (0x00000000e0036898) thrown at [C:\src\AOSP-openjdk-git\hotspot\src\share\vm\prims\jni.cpp, line 1615]
Event: 36.576 Thread 0x000000001a5eb800 Exception <a 'java/lang/NoSuchMethodError': <clinit>> (0x00000000e0038d48) thrown at [C:\src\AOSP-openjdk-git\hotspot\src\share\vm\prims\jni.cpp, line 1615]
Event: 36.577 Thread 0x000000001a5eb800 Exception <a 'java/lang/NoSuchMethodError': <clinit>> (0x00000000e0048ea8) thrown at [C:\src\AOSP-openjdk-git\hotspot\src\share\vm\prims\jni.cpp, line 1615]
Event: 36.578 Thread 0x000000001a5eb800 Exception <a 'java/lang/NoSuchMethodError': <clinit>> (0x00000000e0054258) thrown at [C:\src\AOSP-openjdk-git\hotspot\src\share\vm\prims\jni.cpp, line 1615]
Event: 84.140 Thread 0x0000000018a32800 Exception <a 'sun/nio/fs/WindowsException'> (0x00000000e50367f8) thrown at [C:\src\AOSP-openjdk-git\hotspot\src\share\vm\prims\jni.cpp, line 710]

Events (10 events):
Event: 84.593 loading class org/gradle/api/internal/file/collections/LazilyInitializedFileCollection
Event: 84.593 loading class org/gradle/api/internal/file/collections/LazilyInitializedFileCollection done
Event: 84.594 Executing VM operation: RevokeBias
Event: 84.594 Executing VM operation: RevokeBias done
Event: 84.594 Executing VM operation: RevokeBias
Event: 84.595 Executing VM operation: RevokeBias done
Event: 84.596 Executing VM operation: RevokeBias
Event: 84.597 Executing VM operation: RevokeBias done
Event: 84.597 Executing VM operation: RevokeBias
Event: 84.597 Executing VM operation: RevokeBias done


Dynamic libraries:
0x00007ff658020000 - 0x00007ff658051000 	C:\Program Files\Android\Android Studio\jre\bin\java.exe
0x00007ffd03790000 - 0x00007ffd03985000 	C:\Windows\SYSTEM32\ntdll.dll
0x00007ffd01b20000 - 0x00007ffd01bdd000 	C:\Windows\System32\KERNEL32.DLL
0x00007ffd00f70000 - 0x00007ffd01238000 	C:\Windows\System32\KERNELBASE.dll
0x00007ffd01a70000 - 0x00007ffd01b1c000 	C:\Windows\System32\ADVAPI32.dll
0x00007ffd02160000 - 0x00007ffd021fe000 	C:\Windows\System32\msvcrt.dll
0x00007ffd01920000 - 0x00007ffd019bb000 	C:\Windows\System32\sechost.dll
0x00007ffd022f0000 - 0x00007ffd0241b000 	C:\Windows\System32\RPCRT4.dll
0x00007ffd030a0000 - 0x00007ffd03240000 	C:\Windows\System32\USER32.dll
0x00007ffd016e0000 - 0x00007ffd01702000 	C:\Windows\System32\win32u.dll
0x00007ffd02d90000 - 0x00007ffd02dba000 	C:\Windows\System32\GDI32.dll
0x00007ffd013a0000 - 0x00007ffd014ab000 	C:\Windows\System32\gdi32full.dll
0x00007ffd00ed0000 - 0x00007ffd00f6d000 	C:\Windows\System32\msvcp_win.dll
0x00007ffd01560000 - 0x00007ffd01660000 	C:\Windows\System32\ucrtbase.dll
0x00007ffcef5d0000 - 0x00007ffcef86a000 	C:\Windows\WinSxS\amd64_microsoft.windows.common-controls_6595b64144ccf1df_6.0.19041.844_none_ca00b6081b84eb1d\COMCTL32.dll
0x00007ffd024b0000 - 0x00007ffd024e0000 	C:\Windows\System32\IMM32.DLL
0x00000000759d0000 - 0x0000000075aa2000 	C:\Program Files\Android\Android Studio\jre\jre\bin\msvcr100.dll
0x0000000075b90000 - 0x00000000763db000 	C:\Program Files\Android\Android Studio\jre\jre\bin\server\jvm.dll
0x00007ffd024e0000 - 0x00007ffd024e8000 	C:\Windows\System32\PSAPI.DLL
0x00007ffcdf4a0000 - 0x00007ffcdf4a9000 	C:\Windows\SYSTEM32\WSOCK32.dll
0x00007ffd02510000 - 0x00007ffd0257b000 	C:\Windows\System32\WS2_32.dll
0x00007ffcf3be0000 - 0x00007ffcf3c07000 	C:\Windows\SYSTEM32\WINMM.dll
0x00007ffcfab50000 - 0x00007ffcfab5a000 	C:\Windows\SYSTEM32\VERSION.dll
0x00007ffcdf490000 - 0x00007ffcdf49f000 	C:\Program Files\Android\Android Studio\jre\jre\bin\verify.dll
0x00007ffcde450000 - 0x00007ffcde479000 	C:\Program Files\Android\Android Studio\jre\jre\bin\java.dll
0x00007ffcddee0000 - 0x00007ffcddef6000 	C:\Program Files\Android\Android Studio\jre\jre\bin\zip.dll
0x00007ffd02640000 - 0x00007ffd02d82000 	C:\Windows\System32\SHELL32.dll
0x00007ffcff010000 - 0x00007ffcff7a1000 	C:\Windows\SYSTEM32\windows.storage.dll
0x00007ffd03250000 - 0x00007ffd035a5000 	C:\Windows\System32\combase.dll
0x00007ffd00940000 - 0x00007ffd0096c000 	C:\Windows\SYSTEM32\Wldp.dll
0x00007ffd01be0000 - 0x00007ffd01c8e000 	C:\Windows\System32\SHCORE.dll
0x00007ffd02100000 - 0x00007ffd02155000 	C:\Windows\System32\shlwapi.dll
0x00007ffd00e10000 - 0x00007ffd00e2f000 	C:\Windows\SYSTEM32\profapi.dll
0x00007ffc9fcd0000 - 0x00007ffc9fcea000 	C:\Program Files\Android\Android Studio\jre\jre\bin\net.dll
0x00007ffd006b0000 - 0x00007ffd0071a000 	C:\Windows\system32\mswsock.dll
0x00007ffc9fcb0000 - 0x00007ffc9fcc3000 	C:\Program Files\Android\Android Studio\jre\jre\bin\nio.dll
0x00007ffceee60000 - 0x00007ffceee86000 	C:\Users\Thaisa\.gradle\native\fdc75f09e3144964f2cf3f50f0aa648679c211496f362492102eb8c894070792\windows-amd64\native-platform.dll
0x00007ffcd16d0000 - 0x00007ffcd1861000 	C:\Users\Thaisa\.gradle\native\12488b8bf47d2d4c9fbf2f6322a914ad602e24e48041cd04a747c6da556b65c4\windows-amd64\native-platform-file-events.dll
0x00007ffcde7d0000 - 0x00007ffcde7dd000 	C:\Program Files\Android\Android Studio\jre\jre\bin\management.dll
0x00007ffd00880000 - 0x00007ffd00898000 	C:\Windows\SYSTEM32\CRYPTSP.dll
0x00007ffcfffe0000 - 0x00007ffd00014000 	C:\Windows\system32\rsaenh.dll
0x00007ffd017c0000 - 0x00007ffd017e7000 	C:\Windows\System32\bcrypt.dll
0x00007ffd00dd0000 - 0x00007ffd00dfe000 	C:\Windows\SYSTEM32\USERENV.dll
0x00007ffd01660000 - 0x00007ffd016e0000 	C:\Windows\System32\bcryptprimitives.dll
0x00007ffd008a0000 - 0x00007ffd008ac000 	C:\Windows\SYSTEM32\CRYPTBASE.dll
0x00007ffd00350000 - 0x00007ffd0038b000 	C:\Windows\SYSTEM32\IPHLPAPI.DLL
0x00007ffd03240000 - 0x00007ffd03248000 	C:\Windows\System32\NSI.dll
0x00007ffcf8490000 - 0x00007ffcf84a7000 	C:\Windows\SYSTEM32\dhcpcsvc6.DLL
0x00007ffcf88c0000 - 0x00007ffcf88dd000 	C:\Windows\SYSTEM32\dhcpcsvc.DLL
0x00007ffd003a0000 - 0x00007ffd0046c000 	C:\Windows\SYSTEM32\DNSAPI.dll
0x00007ffcfaa70000 - 0x00007ffcfaa7b000 	C:\Windows\SYSTEM32\WINNSI.DLL

VM Arguments:
jvm_args: -Xmx1536M -Dfile.encoding=windows-1252 -Duser.country=BR -Duser.language=pt -Duser.variant 
java_command: org.gradle.launcher.daemon.bootstrap.GradleDaemon 6.7
java_class_path (initial): C:\Users\Thaisa\.gradle\wrapper\dists\gradle-6.7-all\cuy9mc7upwgwgeb72wkcrupxe\gradle-6.7\lib\gradle-launcher-6.7.jar
Launcher Type: SUN_STANDARD

Environment Variables:
JAVA_HOME=C:\Program Files\Android\Android Studio\jre
CLASSPATH=C:\Users\Thaisa\Desktop\Pessoal\Plantinhas\plantinhas\android\\gradle\wrapper\gradle-wrapper.jar
PATH=C:\Program Files (x86)\Borland\Delphi7\Bin;C:\Program Files (x86)\Borland\Delphi7\Projects\Bpl\;C:\Windows\system32;C:\Windows;C:\Windows\System32\Wbem;C:\Windows\System32\WindowsPowerShell\v1.0\;C:\Windows\System32\OpenSSH\;C:\Program Files\dotnet\;C:\Program Files\Microsoft SQL Server\130\Tools\Binn\;C:\Program Files\Microsoft SQL Server\Client SDK\ODBC\170\Tools\Binn\;C:\src\flutter\bin;C:\Program Files\Git\cmd;C:\Program Files\TortoiseSVN\bin;C:\Users\Thaisa\AppData\Local\Programs\Python\Python39\Scripts\;C:\Users\Thaisa\AppData\Local\Programs\Python\Python39\;C:\Users\Thaisa\AppData\Local\Microsoft\WindowsApps;;C:\Users\Thaisa\AppData\Local\Programs\Microsoft VS Code\bin;C:\Users\Thaisa\.dotnet\tools
USERNAME=Thaisa
OS=Windows_NT
PROCESSOR_IDENTIFIER=Intel64 Family 6 Model 142 Stepping 9, GenuineIntel



---------------  S Y S T E M  ---------------

OS: Windows 10.0 , 64 bit Build 19041 (10.0.19041.928)

CPU:total 4 (initial active 4) (2 cores per cpu, 2 threads per core) family 6 model 142 stepping 9, cmov, cx8, fxsr, mmx, sse, sse2, sse3, ssse3, sse4.1, sse4.2, popcnt, avx, avx2, aes, clmul, erms, 3dnowpref, lzcnt, ht, tsc, tscinvbit, bmi1, bmi2, adx

Memory: 4k page, physical 8264348k(232468k free), swap 33430172k(0k free)

vm_info: OpenJDK 64-Bit Server VM (25.242-b01) for windows-amd64 JRE (1.8.0_242-release-1644-b01), built by "builder" with MS VC++ 10.0 (VS2010)

time: Fri May 21 17:41:24 2021
timezone: Hora oficial do Brasil
elapsed time: 90 seconds (0d 0h 1m 30s)

